12.08.2022 23:40 | [Cinematic] Wind_Level | 0h 14m 33s
12.08.2022 23:58 | [Cinematic] Wind_Level | 0h 9m 26s
12.09.2022 00:06 | [Cinematic] Wind_Level | 0h 3m 50s
12.09.2022 00:15 | [Cinematic] Wind_Level | 0h 5m 26s
12.09.2022 00:25 | [Cinematic] Wind_Level | 0h 5m 36s
12.09.2022 00:40 | [Cinematic] Wind_Level | 0h 0m 43s
12.09.2022 00:45 | [Cinematic] Wind_Level | 0h 0m 42s
12.09.2022 00:53 | [Cinematic] Wind_Level | 0h 0m 40s
12.09.2022 13:41 | [Cinematic] Intro Explanation | 0h 0m 11s
12.09.2022 13:41 | [Cinematic] Intro Explanation | 0h 0m 7s
12.09.2022 13:42 | [Cinematic] Intro Explanation | 0h 0m 3s
12.12.2022 10:43 | [Cinematic] Intro Explanation | 0h 0m 4s
12.12.2022 10:58 | [Cinematic] Intro Explanation | 0h 0m 4s
12.12.2022 11:01 | [Cinematic] Intro Explanation | 0h 0m 4s
12.12.2022 11:01 | [Cinematic] Intro Explanation | 0h 0m 3s
12.14.2022 14:26 | [Gameplay] Tech_Level | 0h 2m 34s
12.14.2022 14:31 | [Gameplay] Tech_Level | 0h 1m 9s
12.14.2022 14:41 | [Gameplay] Tech_Level | 0h 1m 8s
12.14.2022 15:16 | [Gameplay] Tech_Level | 0h 1m 48s
12.22.2022 15:41 | [Gameplay] Wind_Level | 0h 10m 26s
12.22.2022 15:55 | [Gameplay] Wind_Level | 0h 9m 0s
12.22.2022 16:08 | [Gameplay] Wind_Level | 0h 9m 5s
12.22.2022 16:45 | [Gameplay] Wind_Level | 0h 32m 10s
12.22.2022 17:53 | [Gameplay] Wind_Level | 0h 31m 46s
12.22.2022 17:58 | [Gameplay] Wind_Level | 0h 0m 43s
12.22.2022 18:23 | [Gameplay] Wind_Level | 0h 14m 57s
12.22.2022 18:33 | [Gameplay] Wind_Level | 0h 0m 28s
12.22.2022 19:02 | [Gameplay] Wind_Level | 0h 14m 52s
12.22.2022 19:22 | [Gameplay] Wind_Level | 0h 15m 51s
12.22.2022 20:36 | [Gameplay] Wind_Level | 0h 20m 40s
12.23.2022 14:15 | [Gameplay] Wind_Level | 0h 21m 12s
01.04.2023 14:23 | [Gameplay] Wind_Level | 0h 13m 14s
01.05.2023 14:55 | [Gameplay] Wind_Level | 0h 13m 29s
01.05.2023 15:23 | [Gameplay] Wind_Level | 0h 13m 19s
01.05.2023 15:41 | [Gameplay] Wind_Level | 0h 13m 34s
01.05.2023 15:56 | [Gameplay] Wind_Level | 0h 13m 13s
01.05.2023 16:13 | [Gameplay] Tech_Level | 0h 4m 1s
01.05.2023 16:33 | [Gameplay] Tech_Level | 0h 9m 18s
01.05.2023 16:50 | [Gameplay] Tech_Level | 0h 9m 26s
01.05.2023 17:42 | [Gameplay] Tech_Level | 0h 17m 43s
01.05.2023 18:07 | [Gameplay] Tech_Level | 0h 10m 43s
01.05.2023 18:20 | [Gameplay] Tech_Level | 0h 11m 15s
01.05.2023 18:38 | [Gameplay] Tech_Level | 0h 11m 19s
01.05.2023 18:55 | [Gameplay] Tech_Level | 0h 10m 46s
01.11.2023 10:40 | [Gameplay] Tech_Level | 0h 3m 3s
01.11.2023 14:47 | [Gameplay] Tech_Level | 0h 2m 22s
01.11.2023 15:23 | [Gameplay] Tech_Level | 0h 11m 44s
01.11.2023 15:24 | [Gameplay] Tech_Level | 0h 0m 17s
01.11.2023 18:21 | [Gameplay] Tech_Level | 0h 13m 2s
01.11.2023 18:32 | [Gameplay] Tech_Level | 0h 4m 54s
01.11.2023 18:40 | [Gameplay] Tech_Level | 0h 0m 12s
01.11.2023 18:57 | [Gameplay] Tech_Level | 0h 4m 30s
01.11.2023 19:11 | [Gameplay] Tech_Level | 0h 4m 32s
01.11.2023 19:19 | [Gameplay] Tech_Level | 0h 4m 40s
01.11.2023 19:46 | [Gameplay] Tech_Level | 0h 10m 33s
01.11.2023 20:04 | [Gameplay] Tech_Level | 0h 13m 13s
01.11.2023 20:18 | [Gameplay] Tech_Level | 0h 13m 4s
01.11.2023 21:36 | [Gameplay] Tech_Level | 0h 19m 3s
01.13.2023 16:23 | [Gameplay] Tech_Level | 0h 14m 46s
01.13.2023 16:43 | [Gameplay] Tech_Level | 0h 2m 15s
01.13.2023 16:55 | [Gameplay] Tech_Level | 0h 1m 57s
01.13.2023 16:59 | [Gameplay] Tech_Level | 0h 1m 54s
01.13.2023 17:04 | [Gameplay] Tech_Level | 0h 2m 7s
01.13.2023 17:05 | [Gameplay] Tech_Level | 0h 0m 8s
01.13.2023 17:14 | [Gameplay] Tech_Level | 0h 4m 7s
01.13.2023 17:36 | [Gameplay] Tech_Level | 0h 13m 32s
01.13.2023 17:51 | [Gameplay] Tech_Level | 0h 14m 5s
01.18.2023 17:06 | [Intro] Damoki | 0h 11m 35s
01.18.2023 18:25 | [Intro] Damoki | 0h 15m 53s
01.18.2023 18:55 | [Intro] Damoki | 0h 16m 16s
01.18.2023 19:21 | [Intro] RT23 | 0h 0m 28s
01.18.2023 19:26 | [Intro] RT23 | 0h 0m 24s
01.18.2023 19:28 | [Intro] RT23 | 0h 0m 24s
01.25.2023 15:23 | [Intro] RT23 | 0h 6m 42s
02.10.2023 18:22 | [Gameplay] Tech_Level | 0h 14m 24s
02.10.2023 18:38 | [Gameplay] Tech_Level | 0h 13m 47s
02.10.2023 18:58 | [Gameplay] Tech_Level | 0h 16m 11s
02.15.2023 14:51 | [Gameplay] Tech_Level | 0h 16m 48s
02.15.2023 15:01 | [Gameplay] Tech_Level | 0h 2m 14s
02.15.2023 16:04 | [Gameplay] Tech_Level | 0h 16m 49s
02.15.2023 16:30 | [Gameplay] Tech_Level | 0h 2m 16s
02.15.2023 16:55 | [Gameplay] Tech_Level | 0h 14m 43s
02.15.2023 17:50 | [Gameplay] Tech_Level | 0h 2m 4s
02.15.2023 18:10 | [Gameplay] Tech_Level | 0h 2m 0s
02.15.2023 20:14 | [Gameplay] Tech_Level | 0h 13m 27s
02.15.2023 20:46 | [Gameplay] Tech_Level | 0h 25m 55s
02.17.2023 15:32 | [Model] Wind_Level | 0h 13m 33s
02.22.2023 13:12 | [Model] Wind_Level | 0h 24m 46s
02.22.2023 13:56 | [Model] Damoki Intro | 0h 24m 7s
02.22.2023 14:58 | [Model] Damoki Intro | 0h 26m 32s
02.22.2023 15:43 | [Model] Damoki Intro | 0h 21m 54s
03.02.2023 17:21 | kyrobakescen - delete after use | 0h 26m 24s
03.08.2023 19:51 | [Model] Wind_Level | 0h 24m 35s
03.15.2023 10:41 | [Model] Wood Level | 0h 28m 49s
03.15.2023 12:01 | [Model] Wood Level | 0h 1m 45s
03.15.2023 12:10 | [Model] Wood Level | 0h 2m 51s
03.15.2023 12:27 | [Model] Wood Level | 0h 1m 20s
03.15.2023 12:47 | [Model] Wood Level | 0h 1m 22s
03.15.2023 12:50 | [Model] Wood Level | 0h 1m 22s
03.15.2023 12:54 | [Model] Wood Level | 0h 1m 25s
03.15.2023 13:01 | [Model] Wood Level | 0h 1m 24s
03.15.2023 13:04 | [Model] Wood Level | 0h 1m 26s
03.15.2023 13:14 | [Model] Wood Level | 0h 1m 44s
03.15.2023 13:38 | [Model] Wood Level | 0h 2m 30s
03.15.2023 14:10 | [Model] Wood Level | 0h 7m 32s
03.15.2023 14:27 | [Model] Wood Level | 0h 12m 39s
03.15.2023 15:17 | [Model] Wood Level | 0h 1m 42s
03.15.2023 15:39 | [Model] Wood Level | 0h 1m 19s
03.15.2023 15:41 | [Model] Wood Level | 0h 1m 17s
03.15.2023 15:48 | [Model] Wood Level | 0h 1m 16s
03.15.2023 15:56 | [Model] Wood Level | 0h 1m 16s
03.15.2023 16:09 | [Model] Wood Level | 0h 0m 9s
03.15.2023 16:18 | [Model] Wood Level | 0h 0m 5s
